<?xml version="1.0" encoding="UTF-8"?>
<!-- Generated by org.testng.reporters.JUnitXMLReporter -->
<testsuite hostname="Mayank" ignored="0" name="Testing Maven Project " tests="13" failures="0" timestamp="24 Jun 2018 21:43:50 GMT" time="0.079" errors="0">
  <testcase name="add" time="0.015" classname="com.demo.FirstClass"/>
  <testcase name="divide" time="0.001" classname="com.demo.FirstClass"/>
  <testcase name="multiply" time="0.0" classname="com.demo.FirstClass"/>
  <testcase name="subtract" time="0.0" classname="com.demo.FirstClass"/>
  <testcase name="cube" time="0.0" classname="com.demo.SecondClass"/>
  <testcase name="modulus" time="0.001" classname="com.demo.SecondClass"/>
  <testcase name="square" time="0.001" classname="com.demo.SecondClass"/>
  <testcase name="arearectangle" time="0.0" classname="com.demo.ThirdClass"/>
  <testcase name="areatriangle" time="0.001" classname="com.demo.ThirdClass"/>
  <testcase name="perirectangle" time="0.001" classname="com.demo.ThirdClass"/>
  <testcase name="areacuboid" time="0.001" classname="com.demo.FourthClass"/>
  <testcase name="lsacuboid" time="0.001" classname="com.demo.FourthClass"/>
  <testcase name="tsacuboid" time="0.001" classname="com.demo.FourthClass"/>
</testsuite> <!-- Testing Maven Project  -->
