<?xml version="1.0" encoding="UTF-8"?>
<!-- Generated by org.testng.reporters.JUnitXMLReporter -->
<testsuite hostname="Mayank" ignored="0" name="Default test" tests="3" failures="0" timestamp="24 Jun 2018 20:22:16 GMT" time="0.129" errors="0">
  <testcase name="areacuboid" time="0.023" classname="com.demo.FourthClass"/>
  <testcase name="lsacuboid" time="0.003" classname="com.demo.FourthClass"/>
  <testcase name="tsacuboid" time="0.002" classname="com.demo.FourthClass"/>
</testsuite> <!-- Default test -->
