<?xml version="1.0" encoding="UTF-8"?>
<testng-results skipped="0" failed="0" ignored="0" total="3" passed="3">
  <reporter-output>
  </reporter-output>
  <suite name="Default suite" duration-ms="129" started-at="2018-06-24T20:22:16Z" finished-at="2018-06-24T20:22:16Z">
    <groups>
    </groups>
    <test name="Default test" duration-ms="129" started-at="2018-06-24T20:22:16Z" finished-at="2018-06-24T20:22:16Z">
      <class name="com.demo.FourthClass">
        <test-method status="PASS" signature="areacuboid()[pri:0, instance:com.demo.FourthClass@1ee9faa]" name="areacuboid" duration-ms="23" started-at="2018-06-24T20:22:16Z" finished-at="2018-06-24T20:22:16Z">
          <reporter-output>
          </reporter-output>
        </test-method> <!-- areacuboid -->
        <test-method status="PASS" signature="lsacuboid()[pri:0, instance:com.demo.FourthClass@1ee9faa]" name="lsacuboid" duration-ms="3" started-at="2018-06-24T20:22:16Z" finished-at="2018-06-24T20:22:16Z">
          <reporter-output>
          </reporter-output>
        </test-method> <!-- lsacuboid -->
        <test-method status="PASS" signature="tsacuboid()[pri:0, instance:com.demo.FourthClass@1ee9faa]" name="tsacuboid" duration-ms="2" started-at="2018-06-24T20:22:16Z" finished-at="2018-06-24T20:22:16Z">
          <reporter-output>
          </reporter-output>
        </test-method> <!-- tsacuboid -->
      </class> <!-- com.demo.FourthClass -->
    </test> <!-- Default test -->
  </suite> <!-- Default suite -->
</testng-results>
